# JRE version: OpenJDK Runtime Environment Zulu21.32+17-CA (21.0.2+13) (build 21.0.2+13-LTS)
# Java VM: OpenJDK 64-Bit Server VM Zulu21.32+17-CA (21.0.2+13-LTS, mixed mode, sharing, tiered, compressed oops, compressed class ptrs, g1 gc, windows-amd64)
GC Precious Log:
 CardTable entry size: 512
 Card Set container configuration: InlinePtr #cards 5 size 8 Array Of Cards #cards 12 size 40 Howl #buckets 4 coarsen threshold 1843 Howl Bitmap #cards 512 size 80 coarsen threshold 460 Card regions per heap region 1 cards per card region 2048
 CPUs: 4 total, 4 available
 Memory: 3977M
 Large Page Support: Disabled
 NUMA Support: Disabled
 Compressed Oops: Enabled (32-bit)
 Heap Region Size: 1M
 Heap Min Capacity: 8M
 Heap Initial Capacity: 64M
 Heap Max Capacity: 996M
 Pre-touch: Disabled
 Parallel Workers: 4
 Concurrent Workers: 1
 Concurrent Refinement Workers: 4
 Periodic GC: Disabled
Heap:
 garbage-first heap   total 65536K, used 13615K [0x00000000c1c00000, 0x0000000100000000)
  region size 1024K, 3 young (3072K), 1 survivors (1024K)
 Metaspace       used 13590K, committed 13952K, reserved 1114112K
  class space    used 1543K, committed 1728K, reserved 1048576K
GC Heap History (8 events):
Event: 211.674 GC heap before
{Heap before GC invocations=0 (full 0):
 garbage-first heap   total 65536K, used 12288K [0x00000000c1c00000, 0x0000000100000000)
  region size 1024K, 13 young (13312K), 0 survivors (0K)
 Metaspace       used 6186K, committed 6400K, reserved 1114112K
  class space    used 700K, committed 768K, reserved 1048576K
}
Event: 211.681 GC heap after
{Heap after GC invocations=1 (full 0):
 garbage-first heap   total 65536K, used 4836K [0x00000000c1c00000, 0x0000000100000000)
  region size 1024K, 2 young (2048K), 2 survivors (2048K)
 Metaspace       used 6186K, committed 6400K, reserved 1114112K
  class space    used 700K, committed 768K, reserved 1048576K
}
Event: 212.308 GC heap before
{Heap before GC invocations=1 (full 0):
 garbage-first heap   total 65536K, used 18148K [0x00000000c1c00000, 0x0000000100000000)
  region size 1024K, 16 young (16384K), 2 survivors (2048K)
 Metaspace       used 11121K, committed 11392K, reserved 1114112K
  class space    used 1263K, committed 1408K, reserved 1048576K
}
Event: 212.315 GC heap after
{Heap after GC invocations=2 (full 0):
 garbage-first heap   total 65536K, used 7168K [0x00000000c1c00000, 0x0000000100000000)
  region size 1024K, 2 young (2048K), 2 survivors (2048K)
 Metaspace       used 11121K, committed 11392K, reserved 1114112K
  class space    used 1263K, committed 1408K, reserved 1048576K
}
Event: 462.035 GC heap before
{Heap before GC invocations=2 (full 0):
 garbage-first heap   total 65536K, used 44032K [0x00000000c1c00000, 0x0000000100000000)
  region size 1024K, 38 young (38912K), 2 survivors (2048K)
 Metaspace       used 13494K, committed 13888K, reserved 1114112K
  class space    used 1529K, committed 1728K, reserved 1048576K
}
Event: 462.528 GC heap after
{Heap after GC invocations=3 (full 0):
 garbage-first heap   total 65536K, used 11935K [0x00000000c1c00000, 0x0000000100000000)
  region size 1024K, 5 young (5120K), 5 survivors (5120K)
 Metaspace       used 13494K, committed 13888K, reserved 1114112K
  class space    used 1529K, committed 1728K, reserved 1048576K
}
Event: 462.643 GC heap before
{Heap before GC invocations=3 (full 0):
 garbage-first heap   total 65536K, used 12959K [0x00000000c1c00000, 0x0000000100000000)
  region size 1024K, 6 young (6144K), 5 survivors (5120K)
 Metaspace       used 13503K, committed 13888K, reserved 1114112K
  class space    used 1529K, committed 1728K, reserved 1048576K
}
Event: 462.649 GC heap after
{Heap after GC invocations=4 (full 0):
 garbage-first heap   total 65536K, used 12591K [0x00000000c1c00000, 0x0000000100000000)
  region size 1024K, 1 young (1024K), 1 survivors (1024K)
 Metaspace       used 13503K, committed 13888K, reserved 1114112K
  class space    used 1529K, committed 1728K, reserved 1048576K
}

