# JRE version: OpenJDK Runtime Environment Zulu21.32+17-CA (21.0.2+13) (build 21.0.2+13-LTS)
# Java VM: OpenJDK 64-Bit Server VM Zulu21.32+17-CA (21.0.2+13-LTS, mixed mode, sharing, tiered, compressed oops, compressed class ptrs, g1 gc, windows-amd64)
GC Precious Log:
 CardTable entry size: 512
 Card Set container configuration: InlinePtr #cards 5 size 8 Array Of Cards #cards 12 size 40 Howl #buckets 4 coarsen threshold 1843 Howl Bitmap #cards 512 size 80 coarsen threshold 460 Card regions per heap region 1 cards per card region 2048
 CPUs: 4 total, 4 available
 Memory: 3977M
 Large Page Support: Disabled
 NUMA Support: Disabled
 Compressed Oops: Enabled (32-bit)
 Heap Region Size: 1M
 Heap Min Capacity: 8M
 Heap Initial Capacity: 64M
 Heap Max Capacity: 996M
 Pre-touch: Disabled
 Parallel Workers: 4
 Concurrent Workers: 1
 Concurrent Refinement Workers: 4
 Periodic GC: Disabled
Heap:
 garbage-first heap   total 65536K, used 27107K [0x00000000c1c00000, 0x0000000100000000)
  region size 1024K, 22 young (22528K), 3 survivors (3072K)
 Metaspace       used 19911K, committed 20224K, reserved 1114112K
  class space    used 2078K, committed 2240K, reserved 1048576K
GC Heap History (14 events):
Event: 6.495 GC heap before
{Heap before GC invocations=0 (full 0):
 garbage-first heap   total 65536K, used 13312K [0x00000000c1c00000, 0x0000000100000000)
  region size 1024K, 13 young (13312K), 0 survivors (0K)
 Metaspace       used 5388K, committed 5696K, reserved 1114112K
  class space    used 622K, committed 768K, reserved 1048576K
}
Event: 6.504 GC heap after
{Heap after GC invocations=1 (full 0):
 garbage-first heap   total 65536K, used 4928K [0x00000000c1c00000, 0x0000000100000000)
  region size 1024K, 2 young (2048K), 2 survivors (2048K)
 Metaspace       used 5388K, committed 5696K, reserved 1114112K
  class space    used 622K, committed 768K, reserved 1048576K
}
Event: 9.992 GC heap before
{Heap before GC invocations=1 (full 0):
 garbage-first heap   total 65536K, used 18240K [0x00000000c1c00000, 0x0000000100000000)
  region size 1024K, 16 young (16384K), 2 survivors (2048K)
 Metaspace       used 11163K, committed 11584K, reserved 1114112K
  class space    used 1268K, committed 1472K, reserved 1048576K
}
Event: 10.003 GC heap after
{Heap after GC invocations=2 (full 0):
 garbage-first heap   total 65536K, used 7168K [0x00000000c1c00000, 0x0000000100000000)
  region size 1024K, 2 young (2048K), 2 survivors (2048K)
 Metaspace       used 11163K, committed 11584K, reserved 1114112K
  class space    used 1268K, committed 1472K, reserved 1048576K
}
Event: 88.543 GC heap before
{Heap before GC invocations=2 (full 0):
 garbage-first heap   total 65536K, used 29696K [0x00000000c1c00000, 0x0000000100000000)
  region size 1024K, 25 young (25600K), 2 survivors (2048K)
 Metaspace       used 17869K, committed 18240K, reserved 1114112K
  class space    used 2003K, committed 2176K, reserved 1048576K
}
Event: 88.552 GC heap after
{Heap after GC invocations=3 (full 0):
 garbage-first heap   total 65536K, used 9216K [0x00000000c1c00000, 0x0000000100000000)
  region size 1024K, 4 young (4096K), 4 survivors (4096K)
 Metaspace       used 17869K, committed 18240K, reserved 1114112K
  class space    used 2003K, committed 2176K, reserved 1048576K
}
Event: 154.941 GC heap before
{Heap before GC invocations=3 (full 0):
 garbage-first heap   total 65536K, used 43007K [0x00000000c1c00000, 0x0000000100000000)
  region size 1024K, 38 young (38912K), 4 survivors (4096K)
 Metaspace       used 18709K, committed 19072K, reserved 1114112K
  class space    used 2008K, committed 2176K, reserved 1048576K
}
Event: 154.951 GC heap after
{Heap after GC invocations=4 (full 0):
 garbage-first heap   total 65536K, used 9552K [0x00000000c1c00000, 0x0000000100000000)
  region size 1024K, 3 young (3072K), 3 survivors (3072K)
 Metaspace       used 18709K, committed 19072K, reserved 1114112K
  class space    used 2008K, committed 2176K, reserved 1048576K
}
Event: 222.073 GC heap before
{Heap before GC invocations=4 (full 0):
 garbage-first heap   total 65536K, used 44368K [0x00000000c1c00000, 0x0000000100000000)
  region size 1024K, 38 young (38912K), 3 survivors (3072K)
 Metaspace       used 19168K, committed 19520K, reserved 1114112K
  class space    used 2008K, committed 2176K, reserved 1048576K
}
Event: 222.082 GC heap after
{Heap after GC invocations=5 (full 0):
 garbage-first heap   total 65536K, used 9457K [0x00000000c1c00000, 0x0000000100000000)
  region size 1024K, 3 young (3072K), 3 survivors (3072K)
 Metaspace       used 19168K, committed 19520K, reserved 1114112K
  class space    used 2008K, committed 2176K, reserved 1048576K
}
Event: 2299.810 GC heap before
{Heap before GC invocations=5 (full 0):
 garbage-first heap   total 65536K, used 45297K [0x00000000c1c00000, 0x0000000100000000)
  region size 1024K, 38 young (38912K), 3 survivors (3072K)
 Metaspace       used 19542K, committed 19968K, reserved 1114112K
  class space    used 2050K, committed 2240K, reserved 1048576K
}
Event: 2299.818 GC heap after
{Heap after GC invocations=6 (full 0):
 garbage-first heap   total 65536K, used 9877K [0x00000000c1c00000, 0x0000000100000000)
  region size 1024K, 3 young (3072K), 3 survivors (3072K)
 Metaspace       used 19542K, committed 19968K, reserved 1114112K
  class space    used 2050K, committed 2240K, reserved 1048576K
}
Event: 2748.928 GC heap before
{Heap before GC invocations=6 (full 0):
 garbage-first heap   total 65536K, used 44693K [0x00000000c1c00000, 0x0000000100000000)
  region size 1024K, 38 young (38912K), 3 survivors (3072K)
 Metaspace       used 19660K, committed 20032K, reserved 1114112K
  class space    used 2054K, committed 2240K, reserved 1048576K
}
Event: 2748.936 GC heap after
{Heap after GC invocations=7 (full 0):
 garbage-first heap   total 65536K, used 9699K [0x00000000c1c00000, 0x0000000100000000)
  region size 1024K, 3 young (3072K), 3 survivors (3072K)
 Metaspace       used 19660K, committed 20032K, reserved 1114112K
  class space    used 2054K, committed 2240K, reserved 1048576K
}

