# JRE version: OpenJDK Runtime Environment Zulu21.32+17-CA (21.0.2+13) (build 21.0.2+13-LTS)
# Java VM: OpenJDK 64-Bit Server VM Zulu21.32+17-CA (21.0.2+13-LTS, mixed mode, sharing, tiered, compressed oops, compressed class ptrs, g1 gc, windows-amd64)
GC Precious Log:
 CardTable entry size: 512
 Card Set container configuration: InlinePtr #cards 5 size 8 Array Of Cards #cards 12 size 40 Howl #buckets 4 coarsen threshold 1843 Howl Bitmap #cards 512 size 80 coarsen threshold 460 Card regions per heap region 1 cards per card region 2048
 CPUs: 4 total, 4 available
 Memory: 3977M
 Large Page Support: Disabled
 NUMA Support: Disabled
 Compressed Oops: Enabled (32-bit)
 Heap Region Size: 1M
 Heap Min Capacity: 8M
 Heap Initial Capacity: 64M
 Heap Max Capacity: 996M
 Pre-touch: Disabled
 Parallel Workers: 4
 Concurrent Workers: 1
 Concurrent Refinement Workers: 4
 Periodic GC: Disabled
Heap:
 garbage-first heap   total 65536K, used 22919K [0x00000000c1c00000, 0x0000000100000000)
  region size 1024K, 14 young (14336K), 1 survivors (1024K)
 Metaspace       used 21008K, committed 21376K, reserved 1114112K
  class space    used 2083K, committed 2304K, reserved 1048576K
GC Heap History (20 events):
Event: 8866.652 GC heap before
{Heap before GC invocations=38 (full 0):
 garbage-first heap   total 65536K, used 47052K [0x00000000c1c00000, 0x0000000100000000)
  region size 1024K, 38 young (38912K), 1 survivors (1024K)
 Metaspace       used 20802K, committed 21248K, reserved 1114112K
  class space    used 2083K, committed 2304K, reserved 1048576K
}
Event: 8866.654 GC heap after
{Heap after GC invocations=39 (full 0):
 garbage-first heap   total 65536K, used 10371K [0x00000000c1c00000, 0x0000000100000000)
  region size 1024K, 1 young (1024K), 1 survivors (1024K)
 Metaspace       used 20802K, committed 21248K, reserved 1114112K
  class space    used 2083K, committed 2304K, reserved 1048576K
}
Event: 10741.926 GC heap before
{Heap before GC invocations=39 (full 0):
 garbage-first heap   total 65536K, used 47235K [0x00000000c1c00000, 0x0000000100000000)
  region size 1024K, 38 young (38912K), 1 survivors (1024K)
 Metaspace       used 20819K, committed 21248K, reserved 1114112K
  class space    used 2083K, committed 2304K, reserved 1048576K
}
Event: 10741.928 GC heap after
{Heap after GC invocations=40 (full 0):
 garbage-first heap   total 65536K, used 10228K [0x00000000c1c00000, 0x0000000100000000)
  region size 1024K, 1 young (1024K), 1 survivors (1024K)
 Metaspace       used 20819K, committed 21248K, reserved 1114112K
  class space    used 2083K, committed 2304K, reserved 1048576K
}
Event: 10808.844 GC heap before
{Heap before GC invocations=40 (full 0):
 garbage-first heap   total 65536K, used 47092K [0x00000000c1c00000, 0x0000000100000000)
  region size 1024K, 38 young (38912K), 1 survivors (1024K)
 Metaspace       used 20950K, committed 21376K, reserved 1114112K
  class space    used 2083K, committed 2304K, reserved 1048576K
}
Event: 10808.847 GC heap after
{Heap after GC invocations=41 (full 0):
 garbage-first heap   total 65536K, used 10122K [0x00000000c1c00000, 0x0000000100000000)
  region size 1024K, 1 young (1024K), 1 survivors (1024K)
 Metaspace       used 20950K, committed 21376K, reserved 1114112K
  class space    used 2083K, committed 2304K, reserved 1048576K
}
Event: 10878.596 GC heap before
{Heap before GC invocations=41 (full 0):
 garbage-first heap   total 65536K, used 46986K [0x00000000c1c00000, 0x0000000100000000)
  region size 1024K, 38 young (38912K), 1 survivors (1024K)
 Metaspace       used 20966K, committed 21376K, reserved 1114112K
  class space    used 2083K, committed 2304K, reserved 1048576K
}
Event: 10878.598 GC heap after
{Heap after GC invocations=42 (full 0):
 garbage-first heap   total 65536K, used 10201K [0x00000000c1c00000, 0x0000000100000000)
  region size 1024K, 1 young (1024K), 1 survivors (1024K)
 Metaspace       used 20966K, committed 21376K, reserved 1114112K
  class space    used 2083K, committed 2304K, reserved 1048576K
}
Event: 10935.558 GC heap before
{Heap before GC invocations=42 (full 0):
 garbage-first heap   total 65536K, used 47065K [0x00000000c1c00000, 0x0000000100000000)
  region size 1024K, 38 young (38912K), 1 survivors (1024K)
 Metaspace       used 20966K, committed 21376K, reserved 1114112K
  class space    used 2083K, committed 2304K, reserved 1048576K
}
Event: 10935.560 GC heap after
{Heap after GC invocations=43 (full 0):
 garbage-first heap   total 65536K, used 10164K [0x00000000c1c00000, 0x0000000100000000)
  region size 1024K, 1 young (1024K), 1 survivors (1024K)
 Metaspace       used 20966K, committed 21376K, reserved 1114112K
  class space    used 2083K, committed 2304K, reserved 1048576K
}
Event: 11004.997 GC heap before
{Heap before GC invocations=43 (full 0):
 garbage-first heap   total 65536K, used 47028K [0x00000000c1c00000, 0x0000000100000000)
  region size 1024K, 38 young (38912K), 1 survivors (1024K)
 Metaspace       used 20966K, committed 21376K, reserved 1114112K
  class space    used 2083K, committed 2304K, reserved 1048576K
}
Event: 11004.999 GC heap after
{Heap after GC invocations=44 (full 0):
 garbage-first heap   total 65536K, used 10186K [0x00000000c1c00000, 0x0000000100000000)
  region size 1024K, 1 young (1024K), 1 survivors (1024K)
 Metaspace       used 20966K, committed 21376K, reserved 1114112K
  class space    used 2083K, committed 2304K, reserved 1048576K
}
Event: 11068.032 GC heap before
{Heap before GC invocations=44 (full 0):
 garbage-first heap   total 65536K, used 47050K [0x00000000c1c00000, 0x0000000100000000)
  region size 1024K, 38 young (38912K), 1 survivors (1024K)
 Metaspace       used 20975K, committed 21376K, reserved 1114112K
  class space    used 2083K, committed 2304K, reserved 1048576K
}
Event: 11068.034 GC heap after
{Heap after GC invocations=45 (full 0):
 garbage-first heap   total 65536K, used 10189K [0x00000000c1c00000, 0x0000000100000000)
  region size 1024K, 1 young (1024K), 1 survivors (1024K)
 Metaspace       used 20975K, committed 21376K, reserved 1114112K
  class space    used 2083K, committed 2304K, reserved 1048576K
}
Event: 11132.746 GC heap before
{Heap before GC invocations=45 (full 0):
 garbage-first heap   total 65536K, used 48077K [0x00000000c1c00000, 0x0000000100000000)
  region size 1024K, 38 young (38912K), 1 survivors (1024K)
 Metaspace       used 20975K, committed 21376K, reserved 1114112K
  class space    used 2083K, committed 2304K, reserved 1048576K
}
Event: 11132.747 GC heap after
{Heap after GC invocations=46 (full 0):
 garbage-first heap   total 65536K, used 10166K [0x00000000c1c00000, 0x0000000100000000)
  region size 1024K, 1 young (1024K), 1 survivors (1024K)
 Metaspace       used 20975K, committed 21376K, reserved 1114112K
  class space    used 2083K, committed 2304K, reserved 1048576K
}
Event: 11243.606 GC heap before
{Heap before GC invocations=46 (full 0):
 garbage-first heap   total 65536K, used 47030K [0x00000000c1c00000, 0x0000000100000000)
  region size 1024K, 38 young (38912K), 1 survivors (1024K)
 Metaspace       used 20976K, committed 21376K, reserved 1114112K
  class space    used 2083K, committed 2304K, reserved 1048576K
}
Event: 11243.621 GC heap after
{Heap after GC invocations=47 (full 0):
 garbage-first heap   total 65536K, used 10354K [0x00000000c1c00000, 0x0000000100000000)
  region size 1024K, 1 young (1024K), 1 survivors (1024K)
 Metaspace       used 20976K, committed 21376K, reserved 1114112K
  class space    used 2083K, committed 2304K, reserved 1048576K
}
Event: 12072.238 GC heap before
{Heap before GC invocations=47 (full 0):
 garbage-first heap   total 65536K, used 47218K [0x00000000c1c00000, 0x0000000100000000)
  region size 1024K, 38 young (38912K), 1 survivors (1024K)
 Metaspace       used 21002K, committed 21376K, reserved 1114112K
  class space    used 2083K, committed 2304K, reserved 1048576K
}
Event: 12072.241 GC heap after
{Heap after GC invocations=48 (full 0):
 garbage-first heap   total 65536K, used 10631K [0x00000000c1c00000, 0x0000000100000000)
  region size 1024K, 1 young (1024K), 1 survivors (1024K)
 Metaspace       used 21002K, committed 21376K, reserved 1114112K
  class space    used 2083K, committed 2304K, reserved 1048576K
}

