# JRE version: OpenJDK Runtime Environment Temurin-17.0.5+8 (17.0.5+8) (build 17.0.5+8)
# Java VM: OpenJDK 64-Bit Server VM Temurin-17.0.5+8 (17.0.5+8, mixed mode, tiered, compressed oops, compressed class ptrs, g1 gc, windows-amd64)
GC Precious Log:
 CPUs: 4 total, 4 available
 Memory: 3977M
 Large Page Support: Disabled
 NUMA Support: Disabled
 Compressed Oops: Enabled (32-bit)
 Heap Region Size: 1M
 Heap Min Capacity: 8M
 Heap Initial Capacity: 64M
 Heap Max Capacity: 996M
 Pre-touch: Disabled
 Parallel Workers: 4
 Concurrent Workers: 1
 Concurrent Refinement Workers: 4
 Periodic GC: Disabled
Heap:
 garbage-first heap   total 27648K, used 7821K [0x00000000c1c00000, 0x0000000100000000)
  region size 1024K, 5 young (5120K), 3 survivors (3072K)
 Metaspace       used 21746K, committed 22016K, reserved 1073152K
  class space    used 2368K, committed 2496K, reserved 1048576K
GC Heap History (6 events):
Event: 9.066 GC heap before
{Heap before GC invocations=0 (full 0):
 garbage-first heap   total 65536K, used 12288K [0x00000000c1c00000, 0x0000000100000000)
  region size 1024K, 13 young (13312K), 0 survivors (0K)
 Metaspace       used 13046K, committed 13248K, reserved 1064960K
  class space    used 1311K, committed 1408K, reserved 1048576K
}
Event: 9.076 GC heap after
{Heap after GC invocations=1 (full 0):
 garbage-first heap   total 65536K, used 3779K [0x00000000c1c00000, 0x0000000100000000)
  region size 1024K, 2 young (2048K), 2 survivors (2048K)
 Metaspace       used 13046K, committed 13248K, reserved 1064960K
  class space    used 1311K, committed 1408K, reserved 1048576K
}
Event: 10.649 GC heap before
{Heap before GC invocations=1 (full 0):
 garbage-first heap   total 65536K, used 12995K [0x00000000c1c00000, 0x0000000100000000)
  region size 1024K, 12 young (12288K), 2 survivors (2048K)
 Metaspace       used 16835K, committed 17024K, reserved 1064960K
  class space    used 1723K, committed 1792K, reserved 1048576K
}
Event: 10.654 GC heap after
{Heap after GC invocations=2 (full 0):
 garbage-first heap   total 65536K, used 5557K [0x00000000c1c00000, 0x0000000100000000)
  region size 1024K, 2 young (2048K), 2 survivors (2048K)
 Metaspace       used 16835K, committed 17024K, reserved 1064960K
  class space    used 1723K, committed 1792K, reserved 1048576K
}
Event: 46.386 GC heap before
{Heap before GC invocations=2 (full 0):
 garbage-first heap   total 65536K, used 20917K [0x00000000c1c00000, 0x0000000100000000)
  region size 1024K, 18 young (18432K), 2 survivors (2048K)
 Metaspace       used 21272K, committed 21504K, reserved 1073152K
  class space    used 2314K, committed 2432K, reserved 1048576K
}
Event: 46.391 GC heap after
{Heap after GC invocations=3 (full 0):
 garbage-first heap   total 65536K, used 6797K [0x00000000c1c00000, 0x0000000100000000)
  region size 1024K, 3 young (3072K), 3 survivors (3072K)
 Metaspace       used 21272K, committed 21504K, reserved 1073152K
  class space    used 2314K, committed 2432K, reserved 1048576K
}

