# JRE version: OpenJDK Runtime Environment Zulu21.32+17-CA (21.0.2+13) (build 21.0.2+13-LTS)
# Java VM: OpenJDK 64-Bit Server VM Zulu21.32+17-CA (21.0.2+13-LTS, mixed mode, sharing, tiered, compressed oops, compressed class ptrs, g1 gc, windows-amd64)
GC Precious Log:
 CardTable entry size: 512
 Card Set container configuration: InlinePtr #cards 5 size 8 Array Of Cards #cards 12 size 40 Howl #buckets 4 coarsen threshold 1843 Howl Bitmap #cards 512 size 80 coarsen threshold 460 Card regions per heap region 1 cards per card region 2048
 CPUs: 4 total, 4 available
 Memory: 3977M
 Large Page Support: Disabled
 NUMA Support: Disabled
 Compressed Oops: Enabled (32-bit)
 Heap Region Size: 1M
 Heap Min Capacity: 8M
 Heap Initial Capacity: 64M
 Heap Max Capacity: 996M
 Pre-touch: Disabled
 Parallel Workers: 4
 Concurrent Workers: 1
 Concurrent Refinement Workers: 4
 Periodic GC: Disabled
Heap:
 garbage-first heap   total 65536K, used 16616K [0x00000000c1c00000, 0x0000000100000000)
  region size 1024K, 12 young (12288K), 4 survivors (4096K)
 Metaspace       used 18269K, committed 18688K, reserved 1114112K
  class space    used 2077K, committed 2304K, reserved 1048576K
GC Heap History (6 events):
Event: 3901.929 GC heap before
{Heap before GC invocations=0 (full 0):
 garbage-first heap   total 65536K, used 13312K [0x00000000c1c00000, 0x0000000100000000)
  region size 1024K, 13 young (13312K), 0 survivors (0K)
 Metaspace       used 5457K, committed 5696K, reserved 1114112K
  class space    used 635K, committed 768K, reserved 1048576K
}
Event: 3901.938 GC heap after
{Heap after GC invocations=1 (full 0):
 garbage-first heap   total 65536K, used 4936K [0x00000000c1c00000, 0x0000000100000000)
  region size 1024K, 2 young (2048K), 2 survivors (2048K)
 Metaspace       used 5457K, committed 5696K, reserved 1114112K
  class space    used 635K, committed 768K, reserved 1048576K
}
Event: 3903.124 GC heap before
{Heap before GC invocations=1 (full 0):
 garbage-first heap   total 65536K, used 18248K [0x00000000c1c00000, 0x0000000100000000)
  region size 1024K, 16 young (16384K), 2 survivors (2048K)
 Metaspace       used 11051K, committed 11392K, reserved 1114112K
  class space    used 1252K, committed 1408K, reserved 1048576K
}
Event: 3903.131 GC heap after
{Heap after GC invocations=2 (full 0):
 garbage-first heap   total 65536K, used 7280K [0x00000000c1c00000, 0x0000000100000000)
  region size 1024K, 2 young (2048K), 2 survivors (2048K)
 Metaspace       used 11051K, committed 11392K, reserved 1114112K
  class space    used 1252K, committed 1408K, reserved 1048576K
}
Event: 4315.963 GC heap before
{Heap before GC invocations=2 (full 0):
 garbage-first heap   total 65536K, used 30832K [0x00000000c1c00000, 0x0000000100000000)
  region size 1024K, 25 young (25600K), 2 survivors (2048K)
 Metaspace       used 18113K, committed 18432K, reserved 1114112K
  class space    used 2073K, committed 2240K, reserved 1048576K
}
Event: 4315.972 GC heap after
{Heap after GC invocations=3 (full 0):
 garbage-first heap   total 65536K, used 9448K [0x00000000c1c00000, 0x0000000100000000)
  region size 1024K, 4 young (4096K), 4 survivors (4096K)
 Metaspace       used 18113K, committed 18432K, reserved 1114112K
  class space    used 2073K, committed 2240K, reserved 1048576K
}

